0 info it worked if it ends with ok
1 verbose cli [ '/usr/local/Cellar/nvm/0.31.1/versions/node/v6.2.1/bin/node',
1 verbose cli   '/usr/local/opt/nvm/versions/node/v6.2.1/bin/npm',
1 verbose cli   'run',
1 verbose cli   'start' ]
2 info using npm@3.9.5
3 info using node@v6.2.1
4 verbose run-script [ 'prestart', 'start', 'poststart' ]
5 info lifecycle react-ecosystems-skeleton@1.0.0~prestart: react-ecosystems-skeleton@1.0.0
6 silly lifecycle react-ecosystems-skeleton@1.0.0~prestart: no script for prestart, continuing
7 info lifecycle react-ecosystems-skeleton@1.0.0~start: react-ecosystems-skeleton@1.0.0
8 verbose lifecycle react-ecosystems-skeleton@1.0.0~start: unsafe-perm in lifecycle true
9 verbose lifecycle react-ecosystems-skeleton@1.0.0~start: PATH: /usr/local/Cellar/nvm/0.31.1/versions/node/v6.2.1/lib/node_modules/npm/bin/node-gyp-bin:/Users/ricklee/dev/codebase/react-ecosystems-skeleton/node_modules/.bin:/usr/local/Cellar/nvm/0.31.1/versions/node/v6.2.1/bin:/usr/local/opt/nvm/versions/node/v6.2.1/bin:/Users/ricklee/.rvm/gems/ruby-2.2.0/bin:/Users/ricklee/.rvm/gems/ruby-2.2.0@global/bin:/Users/ricklee/.rvm/rubies/ruby-2.2.0/bin:/usr/local/bin:/usr/bin:/bin:/usr/sbin:/sbin:/Users/ricklee/.rvm/bin
10 verbose lifecycle react-ecosystems-skeleton@1.0.0~start: CWD: /Users/ricklee/dev/codebase/react-ecosystems-skeleton
11 silly lifecycle react-ecosystems-skeleton@1.0.0~start: Args: [ '-c', 'NODE_ENV=development babel-node ./server/app' ]
12 silly lifecycle react-ecosystems-skeleton@1.0.0~start: Returned: code: 1  signal: null
13 info lifecycle react-ecosystems-skeleton@1.0.0~start: Failed to exec start script
14 verbose stack Error: react-ecosystems-skeleton@1.0.0 start: `NODE_ENV=development babel-node ./server/app`
14 verbose stack Exit status 1
14 verbose stack     at EventEmitter.<anonymous> (/usr/local/Cellar/nvm/0.31.1/versions/node/v6.2.1/lib/node_modules/npm/lib/utils/lifecycle.js:245:16)
14 verbose stack     at emitTwo (events.js:106:13)
14 verbose stack     at EventEmitter.emit (events.js:191:7)
14 verbose stack     at ChildProcess.<anonymous> (/usr/local/Cellar/nvm/0.31.1/versions/node/v6.2.1/lib/node_modules/npm/lib/utils/spawn.js:24:14)
14 verbose stack     at emitTwo (events.js:106:13)
14 verbose stack     at ChildProcess.emit (events.js:191:7)
14 verbose stack     at maybeClose (internal/child_process.js:852:16)
14 verbose stack     at Process.ChildProcess._handle.onexit (internal/child_process.js:215:5)
15 verbose pkgid react-ecosystems-skeleton@1.0.0
16 verbose cwd /Users/ricklee/dev/codebase/react-ecosystems-skeleton
17 error Darwin 15.3.0
18 error argv "/usr/local/Cellar/nvm/0.31.1/versions/node/v6.2.1/bin/node" "/usr/local/opt/nvm/versions/node/v6.2.1/bin/npm" "run" "start"
19 error node v6.2.1
20 error npm  v3.9.5
21 error code ELIFECYCLE
22 error react-ecosystems-skeleton@1.0.0 start: `NODE_ENV=development babel-node ./server/app`
22 error Exit status 1
23 error Failed at the react-ecosystems-skeleton@1.0.0 start script 'NODE_ENV=development babel-node ./server/app'.
23 error Make sure you have the latest version of node.js and npm installed.
23 error If you do, this is most likely a problem with the react-ecosystems-skeleton package,
23 error not with npm itself.
23 error Tell the author that this fails on your system:
23 error     NODE_ENV=development babel-node ./server/app
23 error You can get information on how to open an issue for this project with:
23 error     npm bugs react-ecosystems-skeleton
23 error Or if that isn't available, you can get their info via:
23 error     npm owner ls react-ecosystems-skeleton
23 error There is likely additional logging output above.
24 verbose exit [ 1, true ]
